<?xml version="1.0" encoding="UTF-8"?>
<testsuite xmlns:xsi="http://www.w3.org/2001/XMLSchema-instance" xsi:noNamespaceSchemaLocation="https://maven.apache.org/surefire/maven-surefire-plugin/xsd/surefire-test-report-3.0.xsd" version="3.0" name="TestSuite" time="0.486" tests="1" errors="0" skipped="0" failures="0">
  <properties>
    <property name="java.specification.version" value="15"/>
    <property name="sun.cpu.isalist" value="amd64"/>
    <property name="sun.jnu.encoding" value="Cp1252"/>
    <property name="java.class.path" value="C:\Users\archa\Documents\SeleniumFWs\LearnMaven\target\test-classes;C:\Users\archa\Documents\SeleniumFWs\LearnMaven\target\classes;C:\Users\archa\.m2\repository\org\testng\testng\7.4.0\testng-7.4.0.jar;C:\Users\archa\.m2\repository\com\beust\jcommander\1.78\jcommander-1.78.jar;C:\Users\archa\.m2\repository\org\webjars\jquery\3.5.1\jquery-3.5.1.jar;"/>
    <property name="java.vm.vendor" value="Oracle Corporation"/>
    <property name="sun.arch.data.model" value="64"/>
    <property name="user.variant" value=""/>
    <property name="java.vendor.url" value="https://java.oracle.com/"/>
    <property name="user.timezone" value="Asia/Calcutta"/>
    <property name="os.name" value="Windows 10"/>
    <property name="java.vm.specification.version" value="15"/>
    <property name="sun.java.launcher" value="SUN_STANDARD"/>
    <property name="user.country" value="IN"/>
    <property name="sun.boot.library.path" value="C:\Program Files\Java\jdk-15.0.1\bin"/>
    <property name="sun.java.command" value="C:\Users\archa\AppData\Local\Temp\surefire16339236956044912643\surefirebooter12121103557594049070.jar C:\Users\archa\AppData\Local\Temp\surefire16339236956044912643 2021-05-13T15-38-35_679-jvmRun1 surefire5781238670190514408tmp surefire_016989319520195035236tmp"/>
    <property name="jdk.debug" value="release"/>
    <property name="surefire.test.class.path" value="C:\Users\archa\Documents\SeleniumFWs\LearnMaven\target\test-classes;C:\Users\archa\Documents\SeleniumFWs\LearnMaven\target\classes;C:\Users\archa\.m2\repository\org\testng\testng\7.4.0\testng-7.4.0.jar;C:\Users\archa\.m2\repository\com\beust\jcommander\1.78\jcommander-1.78.jar;C:\Users\archa\.m2\repository\org\webjars\jquery\3.5.1\jquery-3.5.1.jar;"/>
    <property name="sun.cpu.endian" value="little"/>
    <property name="user.home" value="C:\Users\archa"/>
    <property name="user.language" value="en"/>
    <property name="java.specification.vendor" value="Oracle Corporation"/>
    <property name="java.version.date" value="2020-10-20"/>
    <property name="java.home" value="C:\Program Files\Java\jdk-15.0.1"/>
    <property name="file.separator" value="\"/>
    <property name="basedir" value="C:\Users\archa\Documents\SeleniumFWs\LearnMaven"/>
    <property name="java.vm.compressedOopsMode" value="32-bit"/>
    <property name="line.separator" value="&#10;"/>
    <property name="java.vm.specification.vendor" value="Oracle Corporation"/>
    <property name="java.specification.name" value="Java Platform API Specification"/>
    <property name="surefire.real.class.path" value="C:\Users\archa\AppData\Local\Temp\surefire16339236956044912643\surefirebooter12121103557594049070.jar"/>
    <property name="user.script" value=""/>
    <property name="sun.management.compiler" value="HotSpot 64-Bit Tiered Compilers"/>
    <property name="java.runtime.version" value="15.0.1+9-18"/>
    <property name="user.name" value="archa"/>
    <property name="path.separator" value=";"/>
    <property name="os.version" value="10.0"/>
    <property name="java.runtime.name" value="Java(TM) SE Runtime Environment"/>
    <property name="file.encoding" value="Cp1252"/>
    <property name="browser" value="Chrome"/>
    <property name="java.vm.name" value="Java HotSpot(TM) 64-Bit Server VM"/>
    <property name="localRepository" value="C:\Users\archa\.m2\repository"/>
    <property name="java.vendor.url.bug" value="https://bugreport.java.com/bugreport/"/>
    <property name="java.io.tmpdir" value="C:\Users\archa\AppData\Local\Temp\"/>
    <property name="java.version" value="15.0.1"/>
    <property name="user.dir" value="C:\Users\archa\Documents\SeleniumFWs\LearnMaven"/>
    <property name="os.arch" value="amd64"/>
    <property name="java.vm.specification.name" value="Java Virtual Machine Specification"/>
    <property name="sun.os.patch.level" value=""/>
    <property name="java.library.path" value="C:\Program Files\Java\jdk-15.0.1\bin;C:\Windows\Sun\Java\bin;C:\Windows\system32;C:\Windows;E:\WINDOWS.X64_193000_db_home\bin;D:\oracle\product\10.2.0\db_1\bin;E:\oracle\product\10.2.0\db_1\bin;C:\Users\archa\Downloads\WINDOWS.X64_193000_db_home\bin;F:\oracle\product\10.2.0\db_1\bin;C:\Program Files\Common Files\Oracle\Java\javapath;C:\Windows\system32;C:\Windows;C:\Windows\System32\Wbem;C:\Windows\System32\WindowsPowerShell\v1.0\;C:\Windows\System32\OpenSSH\;C:\Users\archa\Downloads\geckodriver-v0.28.0-win32;C:\Users\archa\Downloads\apache-maven-3.6.3\bin;C:\Users\archa\AppData\Local\Programs\Python\Python39\DLLs;C:\Users\archa\AppData\Local\Programs\Python\Python39\Lib;C:\Users\archa\AppData\Local\Programs\Python\Python39\libs;C:\Users\archa\AppData\Local\Programs\Python\Python39\Scripts;C:\Users\archa\Documents\allure-commandline-2.13.8\allure-2.13.8\bin;C:\Program Files\Java\jdk-15.0.1\bin;C:\Users\archa\AppData\Local\Microsoft\WindowsApps;C:\Program Files\JetBrains\IntelliJ IDEA Community Edition 2020.2.3\bin;;C:\Program Files\JetBrains\PyCharm Community Edition 2020.2.3\bin;;C:\Users\archa\Downloads\geckodriver-v0.28.0-win32;C:\Users\archa\AppData\Local\Programs\Python\Python39\Scripts;C:\Users\archa\AppData\Local\Programs\Python\Python39\DLLs;C:\Users\archa\AppData\Local\Programs\Python\Python39\Lib;C:\Users\archa\AppData\Local\Programs\Python\Python39\libs;C:\Users\archa\AppData\Local\Programs\Python\Python39;C:\Users\archa\Documents\allure-commandline-2.13.8\allure-2.13.8\bin;;."/>
    <property name="suite" value="testng.xml"/>
    <property name="java.vm.info" value="mixed mode, sharing"/>
    <property name="java.vendor" value="Oracle Corporation"/>
    <property name="java.vm.version" value="15.0.1+9-18"/>
    <property name="sun.io.unicode.encoding" value="UnicodeLittle"/>
    <property name="java.class.version" value="59.0"/>
  </properties>
  <testcase name="demo" classname="com.tests.TestCase1" time="0">
    <system-out><![CDATA[Hello
]]></system-out>
  </testcase>
</testsuite>