<?xml version="1.0" encoding="UTF-8"?>
<!-- Generated by org.testng.reporters.JUnitReportReporter -->
<testsuite hostname="DESKTOP-2BP4J25" failures="0" tests="1" name="com.tests.TestCase1" time="0.015" errors="0" timestamp="2021-05-13T15:38:37 IST" skipped="0">
  <testcase classname="com.tests.TestCase1" name="demo" time="0.015"/>
  <system-out/>
</testsuite> <!-- com.tests.TestCase1 -->
